<?xml version="1.0" encoding="UTF-8"?>
<!-- Generated by org.testng.reporters.JUnitReportReporter -->
<testsuite hostname="LAPTOP-RT8DVNCG" name="PatientManagement.NameBlank" tests="1" failures="0" timestamp="19 Aug 2019 07:04:22 GMT" time="160.497" errors="0">
  <testcase name="NameBlank" time="160.497" classname="PatientManagement.NameBlank"/>
</testsuite> <!-- PatientManagement.NameBlank -->
