<?xml version="1.0" encoding="UTF-8"?>
<!-- Generated by org.testng.reporters.JUnitReportReporter -->
<testsuite hostname="LAPTOP-RT8DVNCG" name="DisableSerologyVerifaction.DsSCVb" tests="1" failures="0" timestamp="19 Aug 2019 07:04:22 GMT" time="183.358" errors="0">
  <testcase name="DsSCVb" time="183.358" classname="DisableSerologyVerifaction.DsSCVb"/>
</testsuite> <!-- DisableSerologyVerifaction.DsSCVb -->
