<?xml version="1.0" encoding="UTF-8"?>
<!-- Generated by org.testng.reporters.JUnitReportReporter -->
<testsuite hostname="LAPTOP-RT8DVNCG" name="DonorPage.SerologyTechBlank" tests="1" failures="0" timestamp="19 Aug 2019 09:52:51 GMT" time="56.157" errors="0">
  <testcase name="SerologyTechBlank" time="56.157" classname="DonorPage.SerologyTechBlank"/>
</testsuite> <!-- DonorPage.SerologyTechBlank -->
