<?xml version="1.0" encoding="UTF-8"?>
<!-- Generated by org.testng.reporters.JUnitReportReporter -->
<testsuite hostname="LAPTOP-RT8DVNCG" name="DisableSerologyVerifaction.DsCSVb" tests="1" failures="0" timestamp="19 Aug 2019 07:04:23 GMT" time="97.392" errors="0">
  <testcase name="DsCSVb" time="97.392" classname="DisableSerologyVerifaction.DsCSVb"/>
</testsuite> <!-- DisableSerologyVerifaction.DsCSVb -->
