<?xml version="1.0" encoding="UTF-8"?>
<!-- Generated by org.testng.reporters.JUnitReportReporter -->
<testsuite hostname="LAPTOP-RT8DVNCG" name="DonorPage.serologyAsPositive" tests="1" failures="0" timestamp="19 Aug 2019 09:46:26 GMT" time="93.382" errors="0">
  <testcase name="serologyAsPositive" time="93.382" classname="DonorPage.serologyAsPositive"/>
</testsuite> <!-- DonorPage.serologyAsPositive -->
