<?xml version="1.0" encoding="UTF-8"?>
<!-- Generated by org.testng.reporters.JUnitReportReporter -->
<testsuite hostname="LAPTOP-RT8DVNCG" name="DonorPage.SVsVbC" tests="1" failures="0" timestamp="19 Aug 2019 10:01:11 GMT" time="88.736" errors="0">
  <testcase name="SVsVbC" time="88.736" classname="DonorPage.SVsVbC"/>
</testsuite> <!-- DonorPage.SVsVbC -->
