<?xml version="1.0" encoding="UTF-8"?>
<!-- Generated by org.testng.reporters.JUnitReportReporter -->
<testsuite hostname="LAPTOP-RT8DVNCG" name="DisableVeifyBg.SVsC" tests="1" failures="0" timestamp="9 Nov 2019 05:35:35 GMT" time="105.359" errors="0">
  <testcase name="SVsC" time="105.359" classname="DisableVeifyBg.SVsC"/>
</testsuite> <!-- DisableVeifyBg.SVsC -->
