<?xml version="1.0" encoding="UTF-8"?>
<!-- Generated by org.testng.reporters.JUnitReportReporter -->
<testsuite hostname="LAPTOP-RT8DVNCG" name="PatientManagement.createPatient" tests="1" failures="0" timestamp="30 Sep 2021 04:55:55 GMT" time="38.145" errors="0">
  <testcase name="createPatient" time="38.145" classname="PatientManagement.createPatient"/>
</testsuite> <!-- PatientManagement.createPatient -->
