<?xml version="1.0" encoding="UTF-8"?>
<!-- Generated by org.testng.reporters.JUnitReportReporter -->
<testsuite hostname="LAPTOP-RT8DVNCG" name="DonorPage.Futuredateofcollection" tests="1" failures="0" timestamp="19 Aug 2019 07:51:43 GMT" time="37.684" errors="0">
  <testcase name="Futuredateofcollection" time="37.684" classname="DonorPage.Futuredateofcollection"/>
</testsuite> <!-- DonorPage.Futuredateofcollection -->
