<?xml version="1.0" encoding="UTF-8"?>
<!-- Generated by org.testng.reporters.JUnitReportReporter -->
<testsuite hostname="LAPTOP-RT8DVNCG" name="Update.EndToEnd" tests="1" failures="0" timestamp="19 Aug 2019 10:21:30 GMT" time="264.603" errors="0">
  <testcase name="EndToEnd" time="264.603" classname="Update.EndToEnd"/>
</testsuite> <!-- Update.EndToEnd -->
