<?xml version="1.0" encoding="UTF-8"?>
<!-- Generated by org.testng.reporters.JUnitReportReporter -->
<testsuite hostname="LAPTOP-RT8DVNCG" name="DonorPage.VbCSVs" tests="1" failures="0" timestamp="19 Aug 2019 10:05:12 GMT" time="97.081" errors="0">
  <testcase name="VbCSVs" time="97.081" classname="DonorPage.VbCSVs"/>
</testsuite> <!-- DonorPage.VbCSVs -->
