<?xml version="1.0" encoding="UTF-8"?>
<!-- Generated by org.testng.reporters.JUnitReportReporter -->
<testsuite hostname="LAPTOP-RT8DVNCG" name="PatientManagement.CrossmatchWithExpired" tests="1" failures="0" timestamp="19 Aug 2019 07:04:22 GMT" time="563.746" errors="0">
  <testcase name="CrossmatchWithExpired" time="563.746" classname="PatientManagement.CrossmatchWithExpired"/>
</testsuite> <!-- PatientManagement.CrossmatchWithExpired -->
