<?xml version="1.0" encoding="UTF-8"?>
<!-- Generated by org.testng.reporters.JUnitReportReporter -->
<testsuite hostname="LAPTOP-RT8DVNCG" name="PatientManagement.CrossmatchmismachBlood" tests="1" failures="0" timestamp="19 Aug 2019 07:04:23 GMT" time="478.024" errors="0">
  <testcase name="CrossmatchmismachBlood" time="478.024" classname="PatientManagement.CrossmatchmismachBlood"/>
</testsuite> <!-- PatientManagement.CrossmatchmismachBlood -->
