<?xml version="1.0" encoding="UTF-8"?>
<!-- Generated by org.testng.reporters.JUnitReportReporter -->
<testsuite hostname="LAPTOP-RT8DVNCG" name="PatientManagement.createPatient" tests="1" failures="0" timestamp="19 Aug 2019 07:04:22 GMT" time="131.754" errors="0">
  <testcase name="createPatient" time="131.754" classname="PatientManagement.createPatient"/>
</testsuite> <!-- PatientManagement.createPatient -->
