<?xml version="1.0" encoding="UTF-8"?>
<!-- Generated by org.testng.reporters.JUnitReportReporter -->
<testsuite hostname="LAPTOP-RT8DVNCG" name="DisableSerologyVerifaction.DsCVbS" tests="1" failures="0" timestamp="19 Aug 2019 07:45:04 GMT" time="162.974" errors="0">
  <testcase name="DsCVbS" time="162.974" classname="DisableSerologyVerifaction.DsCVbS"/>
</testsuite> <!-- DisableSerologyVerifaction.DsCVbS -->
