<?xml version="1.0" encoding="UTF-8"?>
<!-- Generated by org.testng.reporters.JUnitReportReporter -->
<testsuite hostname="LAPTOP-RT8DVNCG" name="DonorPage.PartialDonor" tests="1" failures="0" timestamp="19 Aug 2019 09:33:25 GMT" time="38.906" errors="0">
  <testcase name="PartialDonor" time="38.906" classname="DonorPage.PartialDonor"/>
</testsuite> <!-- DonorPage.PartialDonor -->
