<?xml version="1.0" encoding="UTF-8"?>
<!-- Generated by org.testng.reporters.JUnitReportReporter -->
<testsuite hostname="LAPTOP-RT8DVNCG" name="DisableSerologyVerifaction.DsVbCS" tests="1" failures="0" timestamp="19 Aug 2019 07:04:23 GMT" time="141.449" errors="0">
  <testcase name="DsVbCS" time="141.449" classname="DisableSerologyVerifaction.DsVbCS"/>
</testsuite> <!-- DisableSerologyVerifaction.DsVbCS -->
